<?xml version="1.0" encoding="UTF-8"?>
<!-- Generated by org.testng.reporters.JUnitReportReporter -->
<testsuite hostname="DESKTOP-DJP367F" failures="0" tests="1" name="dimessionwidhthnexttab.nextwindow2" time="31.875" errors="0" timestamp="2024-05-07T18:35:09 IST" skipped="0">
  <testcase classname="dimessionwidhthnexttab.nextwindow2" name="locators" time="31.875"/>
</testsuite> <!-- dimessionwidhthnexttab.nextwindow2 -->
