<?xml version="1.0" encoding="UTF-8"?>
<!-- Generated by org.testng.reporters.JUnitReportReporter -->
<testsuite hostname="DESKTOP-DJP367F" failures="0" tests="1" name="code.Call" time="13.536" errors="0" timestamp="2024-03-06T14:19:02 IST" skipped="0">
  <testcase classname="code.Call" name="rwfk" time="13.536"/>
</testsuite> <!-- code.Call -->
