<?xml version="1.0" encoding="UTF-8"?>
<!-- Generated by org.testng.reporters.JUnitReportReporter -->
<testsuite hostname="DESKTOP-DJP367F" failures="0" tests="1" name="Screenshotes.Screenshotes2" time="11.622" errors="0" timestamp="2024-04-15T17:50:19 IST" skipped="0">
  <testcase classname="Screenshotes.Screenshotes2" name="htackescreenshotes" time="11.622"/>
</testsuite> <!-- Screenshotes.Screenshotes2 -->
