<?xml version="1.0" encoding="UTF-8"?>
<!-- Generated by org.testng.reporters.JUnitReportReporter -->
<testsuite hostname="DESKTOP-DJP367F" failures="0" tests="1" name="seleniumautomation" time="14.601" errors="0" timestamp="2023-09-15T15:59:41 IST" skipped="0">
  <testcase classname="seleniumautomation" name="firsttest" time="14.601"/>
</testsuite> <!-- seleniumautomation -->
