<?xml version="1.0" encoding="UTF-8"?>
<!-- Generated by org.testng.reporters.JUnitReportReporter -->
<testsuite hostname="DESKTOP-DJP367F" failures="0" tests="1" name="Mouseactions.Mouseaction2" time="6.965" errors="0" timestamp="2023-12-29T13:21:56 IST" skipped="0">
  <testcase classname="Mouseactions.Mouseaction2" name="windowhandle" time="6.965"/>
</testsuite> <!-- Mouseactions.Mouseaction2 -->
