<?xml version="1.0" encoding="UTF-8"?>
<!-- Generated by org.testng.reporters.JUnitReportReporter -->
<testsuite hostname="DESKTOP-DJP367F" failures="0" tests="1" name="practice.Mouseactions" time="15.871" errors="0" timestamp="2023-11-01T15:50:37 IST" skipped="0">
  <testcase classname="practice.Mouseactions" name="handle" time="15.871"/>
</testsuite> <!-- practice.Mouseactions -->
