<?xml version="1.0" encoding="UTF-8"?>
<!-- Generated by org.testng.reporters.JUnitReportReporter -->
<testsuite hostname="DESKTOP-DJP367F" failures="0" tests="1" name="listwebelement.Class1" time="12.366" errors="0" timestamp="2023-12-26T15:35:14 IST" skipped="0">
  <testcase classname="listwebelement.Class1" name="Collection" time="12.366"/>
</testsuite> <!-- listwebelement.Class1 -->
