<?xml version="1.0" encoding="UTF-8"?>
<!-- Generated by org.testng.reporters.JUnitReportReporter -->
<testsuite hostname="DESKTOP-DJP367F" failures="0" tests="1" name="practice.Screenshotes" time="11.791" errors="0" timestamp="2024-04-12T16:21:05 IST" skipped="0">
  <testcase classname="practice.Screenshotes" name="screenshot" time="11.791"/>
</testsuite> <!-- practice.Screenshotes -->
