<?xml version="1.0" encoding="UTF-8"?>
<!-- Generated by org.testng.reporters.JUnitReportReporter -->
<testsuite hostname="DESKTOP-DJP367F" failures="0" tests="1" name="RahulShetty.Autosugessivedropdown" time="11.758" errors="0" timestamp="2023-12-21T14:53:49 IST" skipped="0">
  <testcase classname="RahulShetty.Autosugessivedropdown" name="Autosuggesivedropdown" time="11.758"/>
</testsuite> <!-- RahulShetty.Autosugessivedropdown -->
