<?xml version="1.0" encoding="UTF-8"?>
<!-- Generated by org.testng.reporters.JUnitReportReporter -->
<testsuite hostname="DESKTOP-DJP367F" failures="0" tests="1" name="RahulShetty.Browserresize" time="12.005" errors="0" timestamp="2023-12-12T18:09:29 IST" skipped="0">
  <testcase classname="RahulShetty.Browserresize" name="chsngebrosersize" time="12.005"/>
</testsuite> <!-- RahulShetty.Browserresize -->
