<?xml version="1.0" encoding="UTF-8"?>
<!-- Generated by org.testng.reporters.JUnitReportReporter -->
<testsuite hostname="DESKTOP-DJP367F" failures="0" tests="1" name="RahulShetty.Browserposition" time="13.219" errors="0" timestamp="2023-12-12T18:18:19 IST" skipped="0">
  <testcase classname="RahulShetty.Browserposition" name="setposition" time="13.219"/>
</testsuite> <!-- RahulShetty.Browserposition -->
