<?xml version="1.0" encoding="UTF-8"?>
<!-- Generated by org.testng.reporters.JUnitReportReporter -->
<testsuite hostname="DESKTOP-DJP367F" failures="0" tests="1" name="Dataprovider.sssssssssss" time="13.329" errors="0" timestamp="2024-03-19T16:08:47 IST" skipped="0">
  <testcase classname="Dataprovider.sssssssssss" name="testcaes" time="13.329"/>
</testsuite> <!-- Dataprovider.sssssssssss -->
