<?xml version="1.0" encoding="UTF-8"?>
<!-- Generated by org.testng.reporters.JUnitReportReporter -->
<testsuite hostname="DESKTOP-DJP367F" failures="0" tests="1" name="Btestclass.datahashmaptestclass" time="2.035" errors="0" timestamp="2024-04-19T17:43:47 IST" skipped="0">
  <testcase classname="Btestclass.datahashmaptestclass" name="logintestcases" time="2.035"/>
</testsuite> <!-- Btestclass.datahashmaptestclass -->
