<?xml version="1.0" encoding="UTF-8"?>
<!-- Generated by org.testng.reporters.JUnitReportReporter -->
<testsuite hostname="DESKTOP-DJP367F" failures="0" tests="2" name="testngpractice.Day1" time="0.037" errors="0" timestamp="2024-02-07T15:53:56 IST" skipped="0">
  <testcase classname="testngpractice.Day1" name="suite" time="0.007"/>
  <testcase classname="testngpractice.Day1" name="scroll" time="0.030"/>
</testsuite> <!-- testngpractice.Day1 -->
