<?xml version="1.0" encoding="UTF-8"?>
<!-- Generated by org.testng.reporters.JUnitReportReporter -->
<testsuite hostname="DESKTOP-DJP367F" failures="0" tests="1" name="dimessionwidhthnexttab.screenshotsizewidhth" time="12.707" errors="0" timestamp="2024-01-19T15:03:24 IST" skipped="0">
  <testcase classname="dimessionwidhthnexttab.screenshotsizewidhth" name="locators" time="12.707"/>
</testsuite> <!-- dimessionwidhthnexttab.screenshotsizewidhth -->
