<?xml version="1.0" encoding="UTF-8"?>
<!-- Generated by org.testng.reporters.JUnitReportReporter -->
<testsuite hostname="DESKTOP-DJP367F" failures="0" tests="1" name="testparcice2.Day3" time="0.737" errors="0" timestamp="2024-02-09T16:01:17 IST" skipped="0">
  <testcase classname="testparcice2.Day3" name="paramentre" time="0.737"/>
</testsuite> <!-- testparcice2.Day3 -->
