<?xml version="1.0" encoding="UTF-8"?>
<!-- Generated by org.testng.reporters.JUnitReportReporter -->
<testsuite hostname="DESKTOP-DJP367F" failures="0" tests="1" name="practice.Implicitwait" time="17.060" errors="0" timestamp="2024-01-30T18:18:42 IST" skipped="0">
  <testcase classname="practice.Implicitwait" name="mouseaction" time="17.060"/>
</testsuite> <!-- practice.Implicitwait -->
