<?xml version="1.0" encoding="UTF-8"?>
<!-- Generated by org.testng.reporters.JUnitReportReporter -->
<testsuite hostname="DESKTOP-DJP367F" failures="0" tests="1" name="practice.Keyboardaction" time="18.580" errors="0" timestamp="2023-12-28T17:45:28 IST" skipped="0">
  <testcase classname="practice.Keyboardaction" name="mouseaction" time="18.580"/>
</testsuite> <!-- practice.Keyboardaction -->
