<?xml version="1.0" encoding="UTF-8"?>
<!-- Generated by org.testng.reporters.JUnitReportReporter -->
<testsuite hostname="DESKTOP-DJP367F" failures="0" tests="1" name="Scrolljavascriptexecuter.Scroll1" time="15.416" errors="0" timestamp="2024-01-04T13:34:18 IST" skipped="0">
  <testcase classname="Scrolljavascriptexecuter.Scroll1" name="scroll" time="15.416"/>
</testsuite> <!-- Scrolljavascriptexecuter.Scroll1 -->
