<?xml version="1.0" encoding="UTF-8"?>
<!-- Generated by org.testng.reporters.JUnitReportReporter -->
<testsuite hostname="DESKTOP-DJP367F" failures="0" tests="4" name="testngpractice.Day4" time="0.058" errors="0" timestamp="2024-02-07T15:50:27 IST" skipped="0">
  <testcase classname="testngpractice.Day4" name="mouse" time="0.007"/>
  <testcase classname="testngpractice.Day4" name="scroll" time="0.006"/>
  <testcase classname="testngpractice.Day4" name="suite" time="0.002"/>
  <testcase classname="testngpractice.Day4" name="dropdown" time="0.043"/>
</testsuite> <!-- testngpractice.Day4 -->
