<?xml version="1.0" encoding="UTF-8"?>
<!-- Generated by org.testng.reporters.JUnitReportReporter -->
<testsuite hostname="DESKTOP-DJP367F" failures="0" tests="1" name="Mouseactions.MouseAction1" time="9.559" errors="0" timestamp="2024-01-31T16:35:06 IST" skipped="0">
  <testcase classname="Mouseactions.MouseAction1" name="mouseactions" time="9.559"/>
</testsuite> <!-- Mouseactions.MouseAction1 -->
