<?xml version="1.0" encoding="UTF-8"?>
<!-- Generated by org.testng.reporters.JUnitReportReporter -->
<testsuite hostname="DESKTOP-DJP367F" failures="0" tests="1" name="Getlinks.Alllinks" time="16.592" errors="0" timestamp="2024-02-14T16:20:48 IST" skipped="0">
  <testcase classname="Getlinks.Alllinks" name="capturelink" time="16.592"/>
</testsuite> <!-- Getlinks.Alllinks -->
