<?xml version="1.0" encoding="UTF-8"?>
<!-- Generated by org.testng.reporters.JUnitReportReporter -->
<testsuite hostname="DESKTOP-DJP367F" failures="0" tests="1" name="practice.Popuphandle" time="13.628" errors="0" timestamp="2024-01-31T16:08:20 IST" skipped="0">
  <testcase classname="practice.Popuphandle" name="alert" time="13.628"/>
</testsuite> <!-- practice.Popuphandle -->
