<?xml version="1.0" encoding="UTF-8"?>
<!-- Generated by org.testng.reporters.JUnitReportReporter -->
<testsuite hostname="DESKTOP-DJP367F" failures="0" tests="1" name="practice.getption" time="17.534" errors="0" timestamp="2024-04-12T15:55:58 IST" skipped="0">
  <testcase classname="practice.getption" name="getpotion" time="17.534"/>
</testsuite> <!-- practice.getption -->
