<?xml version="1.0" encoding="UTF-8"?>
<!-- Generated by org.testng.reporters.JUnitReportReporter -->
<testsuite hostname="DESKTOP-DJP367F" failures="0" tests="1" name="RahulShetty.Alertpopup" time="14.933" errors="0" timestamp="2023-12-26T11:52:50 IST" skipped="0">
  <testcase classname="RahulShetty.Alertpopup" name="Aelrtpopup" time="14.933"/>
</testsuite> <!-- RahulShetty.Alertpopup -->
