<?xml version="1.0" encoding="UTF-8"?>
<!-- Generated by org.testng.reporters.JUnitReportReporter -->
<testsuite hostname="DESKTOP-DJP367F" failures="0" tests="1" name="Getlinks.Getliks4" time="10.961" errors="0" timestamp="2023-12-29T11:52:01 IST" skipped="0">
  <testcase classname="Getlinks.Getliks4" name="getlinks" time="10.961"/>
</testsuite> <!-- Getlinks.Getliks4 -->
