<?xml version="1.0" encoding="UTF-8"?>
<!-- Generated by org.testng.reporters.JUnitReportReporter -->
<testsuite hostname="DESKTOP-DJP367F" failures="0" tests="1" name="Orangelogin" time="11.379" errors="0" timestamp="2023-10-04T15:00:20 IST" skipped="0">
  <testcase classname="Orangelogin" name="login" time="11.379"/>
</testsuite> <!-- Orangelogin -->
