<?xml version="1.0" encoding="UTF-8"?>
<!-- Generated by org.testng.reporters.JUnitReportReporter -->
<testsuite hostname="DESKTOP-DJP367F" failures="0" tests="1" name="dropdown.allcheckboxes" time="18.390" errors="0" timestamp="2023-10-30T15:00:52 IST" skipped="0">
  <testcase classname="dropdown.allcheckboxes" name="checkboxs" time="18.390"/>
</testsuite> <!-- dropdown.allcheckboxes -->
