<?xml version="1.0" encoding="UTF-8"?>
<!-- Generated by org.testng.reporters.JUnitReportReporter -->
<testsuite hostname="DESKTOP-DJP367F" failures="0" tests="1" name="listwebelement1.Addtocart" time="15.150" errors="0" timestamp="2024-01-31T16:26:04 IST" skipped="0">
  <testcase classname="listwebelement1.Addtocart" name="Addtocart" time="15.150"/>
</testsuite> <!-- listwebelement1.Addtocart -->
