<?xml version="1.0" encoding="UTF-8"?>
<!-- Generated by org.testng.reporters.JUnitReportReporter -->
<testsuite hostname="DESKTOP-DJP367F" failures="0" tests="5" name="testparcice2.Day1" time="0.025" errors="0" timestamp="2024-02-07T15:50:27 IST" skipped="0">
  <testcase classname="testparcice2.Day1" name="Educationlosn" time="0.003"/>
  <testcase classname="testparcice2.Day1" name="careloan" time="0.003"/>
  <testcase classname="testparcice2.Day1" name="creditcard" time="0.008"/>
  <testcase classname="testparcice2.Day1" name="EMIloann" time="0.005"/>
  <testcase classname="testparcice2.Day1" name="homeloan" time="0.006"/>
</testsuite> <!-- testparcice2.Day1 -->
