<?xml version="1.0" encoding="UTF-8"?>
<!-- Generated by org.testng.reporters.JUnitReportReporter -->
<testsuite hostname="DESKTOP-DJP367F" failures="0" tests="1" name="Hashmap.Hashamp1" time="14.695" errors="0" timestamp="2024-04-30T15:46:27 IST" skipped="0">
  <testcase classname="Hashmap.Hashamp1" name="test1" time="14.695"/>
</testsuite> <!-- Hashmap.Hashamp1 -->
