<?xml version="1.0" encoding="UTF-8"?>
<!-- Generated by org.testng.reporters.JUnitReportReporter -->
<testsuite hostname="DESKTOP-DJP367F" failures="0" tests="1" name="testngpractice.Day2" time="0.007" errors="0" timestamp="2024-02-07T15:53:56 IST" skipped="0">
  <testcase classname="testngpractice.Day2" name="creditcard" time="0.007"/>
</testsuite> <!-- testngpractice.Day2 -->
