<?xml version="1.0" encoding="UTF-8"?>
<!-- Generated by org.testng.reporters.JUnitReportReporter -->
<testsuite hostname="DESKTOP-DJP367F" failures="0" tests="1" name="webelementmethod" time="14.171" errors="0" timestamp="2023-10-05T14:16:20 IST" skipped="0">
  <testcase classname="webelementmethod" name="clearmethod" time="14.171"/>
</testsuite> <!-- webelementmethod -->
