<?xml version="1.0" encoding="UTF-8"?>
<!-- Generated by org.testng.reporters.JUnitReportReporter -->
<testsuite hostname="DESKTOP-DJP367F" failures="0" tests="1" name="dimessionwidhthnexttab.Tab3" time="8.820" errors="0" timestamp="2024-01-19T15:30:21 IST" skipped="0">
  <testcase classname="dimessionwidhthnexttab.Tab3" name="locators" time="8.820"/>
</testsuite> <!-- dimessionwidhthnexttab.Tab3 -->
