<?xml version="1.0" encoding="UTF-8"?>
<!-- Generated by org.testng.reporters.JUnitReportReporter -->
<testsuite hostname="DESKTOP-DJP367F" failures="0" tests="1" name="Getlinks.Getalllinkjs" time="17.217" errors="0" timestamp="2023-12-29T11:50:36 IST" skipped="0">
  <testcase classname="Getlinks.Getalllinkjs" name="linnkhandle" time="17.217"/>
</testsuite> <!-- Getlinks.Getalllinkjs -->
