<?xml version="1.0" encoding="UTF-8"?>
<!-- Generated by org.testng.reporters.JUnitReportReporter -->
<testsuite hostname="DESKTOP-DJP367F" failures="0" tests="1" name="Dropdownhadnling" time="17.901" errors="0" timestamp="2023-10-05T15:50:30 IST" skipped="0">
  <testcase classname="Dropdownhadnling" name="dropdownhandle" time="17.901"/>
</testsuite> <!-- Dropdownhadnling -->
