<?xml version="1.0" encoding="UTF-8"?>
<!-- Generated by org.testng.reporters.JUnitReportReporter -->
<testsuite hostname="DESKTOP-DJP367F" failures="0" tests="1" name="RahulShetty.Checkboxes" time="17.301" errors="0" timestamp="2023-12-21T16:32:40 IST" skipped="0">
  <testcase classname="RahulShetty.Checkboxes" name="Autosuggesivedropdown" time="17.301"/>
</testsuite> <!-- RahulShetty.Checkboxes -->
