<?xml version="1.0" encoding="UTF-8"?>
<!-- Generated by org.testng.reporters.JUnitReportReporter -->
<testsuite hostname="DESKTOP-DJP367F" failures="0" tests="1" name="testc.testc1" time="4.375" errors="0" timestamp="2024-04-05T18:09:58 IST" skipped="0">
  <testcase classname="testc.testc1" name="laod" time="4.375"/>
</testsuite> <!-- testc.testc1 -->
