<?xml version="1.0" encoding="UTF-8"?>
<!-- Generated by org.testng.reporters.JUnitReportReporter -->
<testsuite hostname="DESKTOP-DJP367F" failures="0" tests="5" name="testparcice2.Day2" time="0.051" errors="0" timestamp="2024-02-07T15:50:27 IST" skipped="0">
  <testcase classname="testparcice2.Day2" name="creditcard" time="0.024"/>
  <testcase classname="testparcice2.Day2" name="Educationlosn" time="0.002"/>
  <testcase classname="testparcice2.Day2" name="homeloan" time="0.012"/>
  <testcase classname="testparcice2.Day2" name="EMIloann" time="0.004"/>
  <testcase classname="testparcice2.Day2" name="careloan" time="0.009"/>
</testsuite> <!-- testparcice2.Day2 -->
