<?xml version="1.0" encoding="UTF-8"?>
<!-- Generated by org.testng.reporters.JUnitReportReporter -->
<testsuite hostname="DESKTOP-DJP367F" failures="0" tests="1" name="windowhandle.Window1" time="21.990" errors="0" timestamp="2023-12-29T12:55:02 IST" skipped="0">
  <testcase classname="windowhandle.Window1" name="windowhandle" time="21.990"/>
</testsuite> <!-- windowhandle.Window1 -->
