<?xml version="1.0" encoding="UTF-8"?>
<!-- Generated by org.testng.reporters.JUnitReportReporter -->
<testsuite hostname="DESKTOP-DJP367F" failures="0" tests="1" name="practice.Mauseactions" time="14.824" errors="0" timestamp="2023-11-01T16:41:24 IST" skipped="0">
  <testcase classname="practice.Mauseactions" name="handle" time="14.824"/>
</testsuite> <!-- practice.Mauseactions -->
