<?xml version="1.0" encoding="UTF-8"?>
<!-- Generated by org.testng.reporters.JUnitReportReporter -->
<testsuite hostname="DESKTOP-DJP367F" failures="0" tests="1" name="dropdown.dropdown1" time="25.398" errors="0" timestamp="2023-10-27T15:55:50 IST" skipped="0">
  <testcase classname="dropdown.dropdown1" name="dropdown" time="25.398"/>
</testsuite> <!-- dropdown.dropdown1 -->
