<?xml version="1.0" encoding="UTF-8"?>
<!-- Generated by org.testng.reporters.JUnitReportReporter -->
<testsuite hostname="DESKTOP-DJP367F" failures="0" tests="1" name="practice.Screenshotes" time="10.431" errors="0" timestamp="2023-11-06T17:50:03 IST" skipped="0">
  <testcase classname="practice.Screenshotes" name="screenshot" time="10.431"/>
</testsuite> <!-- practice.Screenshotes -->
