<?xml version="1.0" encoding="UTF-8"?>
<!-- Generated by org.testng.reporters.JUnitReportReporter -->
<testsuite hostname="DESKTOP-DJP367F" failures="0" tests="1" name="RahulShetty.Staticdropdown" time="21.684" errors="0" timestamp="2023-12-13T17:02:51 IST" skipped="0">
  <testcase classname="RahulShetty.Staticdropdown" name="Staticdropdown" time="21.684"/>
</testsuite> <!-- RahulShetty.Staticdropdown -->
