<?xml version="1.0" encoding="UTF-8"?>
<!-- Generated by org.testng.reporters.JUnitReportReporter -->
<testsuite hostname="DESKTOP-DJP367F" failures="0" tests="1" name="Btestclass.shettylogin" time="0.670" errors="0" timestamp="2024-04-05T18:09:58 IST" skipped="0">
  <testcase classname="Btestclass.shettylogin" name="logins" time="0.670"/>
</testsuite> <!-- Btestclass.shettylogin -->
