<?xml version="1.0" encoding="UTF-8"?>
<!-- Generated by org.testng.reporters.JUnitReportReporter -->
<testsuite hostname="DESKTOP-DJP367F" failures="0" tests="1" name="RahulShetty.NavigateCommand" time="17.371" errors="0" timestamp="2023-12-12T17:57:22 IST" skipped="0">
  <testcase classname="RahulShetty.NavigateCommand" name="Navigatecommand" time="17.371"/>
</testsuite> <!-- RahulShetty.NavigateCommand -->
