<?xml version="1.0" encoding="UTF-8"?>
<!-- Generated by org.testng.reporters.JUnitReportReporter -->
<testsuite hostname="DESKTOP-DJP367F" failures="0" tests="1" name="Checkboxes.Checkboxhandle" time="12.565" errors="0" timestamp="2023-12-29T17:04:25 IST" skipped="0">
  <testcase classname="Checkboxes.Checkboxhandle" name="dynamaicdropdown" time="12.565"/>
</testsuite> <!-- Checkboxes.Checkboxhandle -->
