<?xml version="1.0" encoding="UTF-8"?>
<!-- Generated by org.testng.reporters.JUnitReportReporter -->
<testsuite hostname="DESKTOP-DJP367F" failures="0" tests="1" name="dropdown.Handlecheckbox" time="18.705" errors="0" timestamp="2023-10-30T14:43:05 IST" skipped="0">
  <testcase classname="dropdown.Handlecheckbox" name="checkboxs" time="18.705"/>
</testsuite> <!-- dropdown.Handlecheckbox -->
