<?xml version="1.0" encoding="UTF-8"?>
<!-- Generated by org.testng.reporters.JUnitReportReporter -->
<testsuite hostname="DESKTOP-DJP367F" failures="0" tests="1" name="Realreffrencecode.brokenlinkcode" time="26.350" errors="0" timestamp="2024-05-15T17:45:15 IST" skipped="0">
  <testcase classname="Realreffrencecode.brokenlinkcode" name="main" time="26.350"/>
</testsuite> <!-- Realreffrencecode.brokenlinkcode -->
