<?xml version="1.0" encoding="UTF-8"?>
<!-- Generated by org.testng.reporters.JUnitReportReporter -->
<testsuite hostname="DESKTOP-DJP367F" failures="0" tests="1" name="rellativeloacters.Rellativelocators2" time="7.922" errors="0" timestamp="2024-01-31T16:35:06 IST" skipped="0">
  <testcase classname="rellativeloacters.Rellativelocators2" name="locators" time="7.922"/>
</testsuite> <!-- rellativeloacters.Rellativelocators2 -->
