<?xml version="1.0" encoding="UTF-8"?>
<!-- Generated by org.testng.reporters.JUnitReportReporter -->
<testsuite hostname="DESKTOP-DJP367F" failures="0" tests="1" name="Btestclass.comwindowpopuphandle" time="12.514" errors="0" timestamp="2024-05-15T16:32:03 IST" skipped="0">
  <testcase classname="Btestclass.comwindowpopuphandle" name="windowhandle" time="12.514"/>
</testsuite> <!-- Btestclass.comwindowpopuphandle -->
